<?xml version="1.0" encoding="UTF-8"?>
<!-- Generated by org.testng.reporters.JUnitXMLReporter -->
<testsuite hostname="ImsUb01AWy" name="Command line test" tests="1" failures="0" timestamp="14 Jan 2015 18:42:01 GMT" time="15.038" errors="0">
  <testcase name="@BeforeTest setUpClass" time="0.0" classname="org.books.application.service.OrderServiceIT">
    <failure type="java.lang.IllegalArgumentException" message="Object: Customer{firstName=Homer, lastName=Simpson, email=silvan.strueby@students.bfh.ch, address=Address{id=null, street=Street, city=St. Ursen, postalCode=postalCode, country=country}, creditCard=CreditCard{id=null, type=MasterCard, number=12345, expirationMonth=6, expirationYear=16}} is not a known entity type.">
      <![CDATA[java.lang.IllegalArgumentException: Object: Customer{firstName=Homer, lastName=Simpson, email=silvan.strueby@students.bfh.ch, address=Address{id=null, street=Street, city=St. Ursen, postalCode=postalCode, country=country}, creditCard=CreditCard{id=null, type=MasterCard, number=12345, expirationMonth=6, expirationYear=16}} is not a known entity type.
	at org.eclipse.persistence.internal.sessions.UnitOfWorkImpl.registerNewObjectForPersist(UnitOfWorkImpl.java:4228)
	at org.eclipse.persistence.internal.jpa.EntityManagerImpl.persist(EntityManagerImpl.java:496)
	at org.books.application.service.OrderServiceIT.setUpClass(OrderServiceIT.java:121)
	at org.apache.maven.surefire.testng.TestNGExecutor.run(TestNGExecutor.java:70)
	at org.apache.maven.surefire.testng.TestNGDirectoryTestSuite.execute(TestNGDirectoryTestSuite.java:109)
	at org.apache.maven.surefire.testng.TestNGProvider.invoke(TestNGProvider.java:111)
	at org.apache.maven.surefire.util.ReflectionUtils.invokeMethodWithArray(ReflectionUtils.java:164)
	at org.apache.maven.surefire.booter.ProviderFactory$ProviderProxy.invoke(ProviderFactory.java:110)
	at org.apache.maven.surefire.booter.SurefireStarter.invokeProvider(SurefireStarter.java:175)
	at org.apache.maven.surefire.booter.SurefireStarter.runSuitesInProcessWhenForked(SurefireStarter.java:107)
	at org.apache.maven.surefire.booter.ForkedBooter.main(ForkedBooter.java:68)
... Removed 23 stack frames]]>
    </failure>
  </testcase> <!-- @BeforeTest setUpClass -->
  <testcase name="@AfterClass tearDownClass" time="0.0" classname="org.books.application.service.OrderServiceIT">
    <skipped/>
  </testcase> <!-- @AfterClass tearDownClass -->
  <testcase name="placeOrder" time="0.0" classname="org.books.application.service.OrderServiceIT">
    <skipped/>
  </testcase> <!-- placeOrder -->
</testsuite> <!-- Command line test -->
